<?xml version="1.0" encoding="UTF-8"?>
<!-- Generated by org.testng.reporters.JUnitXMLReporter -->
<testsuite hostname="DESKTOP-VBBRE24" ignored="0" name="Default test" tests="3" failures="0" timestamp="2020-07-15T11:18:39 IST" time="0.893" errors="0">
  <testcase name="Login" time="0.109" classname="Testng.Dataprovider"/>
  <testcase name="Login" time="0.124" classname="Testng.Dataprovider"/>
  <testcase name="Login" time="0.026" classname="Testng.Dataprovider"/>
</testsuite> <!-- Default test -->
