<?xml version="1.0" encoding="UTF-8"?>
<testng-results skipped="0" failed="0" ignored="0" total="3" passed="3">
  <reporter-output>
  </reporter-output>
  <suite name="Default suite" duration-ms="893" started-at="2020-07-15T11:18:38 IST" finished-at="2020-07-15T11:18:39 IST">
    <groups>
    </groups>
    <test name="Default test" duration-ms="893" started-at="2020-07-15T11:18:38 IST" finished-at="2020-07-15T11:18:39 IST">
      <class name="Testng.Dataprovider">
        <test-method status="PASS" signature="Login(java.lang.String, java.lang.String)[pri:0, instance:Testng.Dataprovider@1f28c152]" name="Login" duration-ms="109" started-at="2020-07-15T11:18:39 IST" data-provider="LoginData" finished-at="2020-07-15T11:18:39 IST">
          <params>
            <param index="0">
              <value>
                <![CDATA[admin]]>
              </value>
            </param>
            <param index="1">
              <value>
                <![CDATA[ad]]>
              </value>
            </param>
          </params>
          <reporter-output>
          </reporter-output>
        </test-method> <!-- Login -->
        <test-method status="PASS" signature="Login(java.lang.String, java.lang.String)[pri:0, instance:Testng.Dataprovider@1f28c152]" name="Login" duration-ms="124" started-at="2020-07-15T11:18:39 IST" data-provider="LoginData" finished-at="2020-07-15T11:18:39 IST">
          <params>
            <param index="0">
              <value>
                <![CDATA[admin]]>
              </value>
            </param>
            <param index="1">
              <value>
                <![CDATA[ad123]]>
              </value>
            </param>
          </params>
          <reporter-output>
          </reporter-output>
        </test-method> <!-- Login -->
        <test-method status="PASS" signature="Login(java.lang.String, java.lang.String)[pri:0, instance:Testng.Dataprovider@1f28c152]" name="Login" duration-ms="26" started-at="2020-07-15T11:18:39 IST" data-provider="LoginData" finished-at="2020-07-15T11:18:39 IST">
          <params>
            <param index="0">
              <value>
                <![CDATA[admin]]>
              </value>
            </param>
            <param index="1">
              <value>
                <![CDATA[admin123]]>
              </value>
            </param>
          </params>
          <reporter-output>
          </reporter-output>
        </test-method> <!-- Login -->
      </class> <!-- Testng.Dataprovider -->
    </test> <!-- Default test -->
  </suite> <!-- Default suite -->
</testng-results>
